Build started 22.4.2015 23:12:02.
     1>Project "G:\downloads\projekatMil\projekat\DigitalImageProcessing\DigitalImageProcessing.vcxproj" on node 2 (build target(s)).
       Project file contains ToolsVersion="12.0", which is not supported by this version of MSBuild. Treating the project as if it had ToolsVersion="4.0".
     1>InitializeBuildStatus:
         Creating "Debug\DigitalImageProcessing.unsuccessfulbuild" because "AlwaysCreate" was specified.
       MessageBuildingWithCompiler:
         Building with Intel(R) C++ Compiler XE 15.0
       ClCompile:
         ***** ClCompile (Win32 - Intel C++)
         All outputs are up-to-date.
       ManifestResourceCompile:
         All outputs are up-to-date.
       Link:
         All outputs are up-to-date.
       Manifest:
         All outputs are up-to-date.
       FinalizeBuildStatus:
         Deleting file "Debug\DigitalImageProcessing.unsuccessfulbuild".
         Touching "Debug\DigitalImageProcessing.lastbuildstate".
     1>Done Building Project "G:\downloads\projekatMil\projekat\DigitalImageProcessing\DigitalImageProcessing.vcxproj" (build target(s)).

Build succeeded.

Time Elapsed 00:00:00.14
